# JRE version: Java(TM) SE Runtime Environment (19.0.2+7) (build 19.0.2+7-44)
# Java VM: Java HotSpot(TM) 64-Bit Server VM (19.0.2+7-44, mixed mode, sharing, tiered, compressed oops, compressed class ptrs, g1 gc, windows-amd64)
GC Precious Log:
 CardTable entry size: 512
 Card Set container configuration: InlinePtr #cards 5 size 8 Array Of Cards #cards 12 size 40 Howl #buckets 4 coarsen threshold 1843 Howl Bitmap #cards 512 size 80 coarsen threshold 460 Card regions per heap region 1 cards per card region 2048
 CPUs: 4 total, 4 available
 Memory: 8107M
 Large Page Support: Disabled
 NUMA Support: Disabled
 Compressed Oops: Enabled (32-bit)
 Heap Region Size: 1M
 Heap Min Capacity: 8M
 Heap Initial Capacity: 128M
 Heap Max Capacity: 1536M
 Pre-touch: Disabled
 Parallel Workers: 4
 Concurrent Workers: 1
 Concurrent Refinement Workers: 4
 Periodic GC: Disabled
Heap:
 garbage-first heap   total 210944K, used 122590K [0x00000000a0000000, 0x0000000100000000)
  region size 1024K, 18 young (18432K), 8 survivors (8192K)
 Metaspace       used 76953K, committed 79104K, reserved 1179648K
  class space    used 10482K, committed 11520K, reserved 1048576K
GC Heap History (20 events):
Event: 20.603 GC heap before
{Heap before GC invocations=18 (full 0):
 garbage-first heap   total 96256K, used 54476K [0x00000000a0000000, 0x0000000100000000)
  region size 1024K, 4 young (4096K), 3 survivors (3072K)
 Metaspace       used 44349K, committed 45824K, reserved 1114112K
  class space    used 6039K, committed 6784K, reserved 1048576K
}
Event: 20.610 GC heap after
{Heap after GC invocations=19 (full 0):
 garbage-first heap   total 210944K, used 52644K [0x00000000a0000000, 0x0000000100000000)
  region size 1024K, 1 young (1024K), 1 survivors (1024K)
 Metaspace       used 44349K, committed 45824K, reserved 1114112K
  class space    used 6039K, committed 6784K, reserved 1048576K
}
Event: 22.846 GC heap before
{Heap before GC invocations=19 (full 0):
 garbage-first heap   total 210944K, used 120228K [0x00000000a0000000, 0x0000000100000000)
  region size 1024K, 68 young (69632K), 1 survivors (1024K)
 Metaspace       used 54354K, committed 56000K, reserved 1114112K
  class space    used 7271K, committed 8128K, reserved 1048576K
}
Event: 22.858 GC heap after
{Heap after GC invocations=20 (full 0):
 garbage-first heap   total 210944K, used 59909K [0x00000000a0000000, 0x0000000100000000)
  region size 1024K, 8 young (8192K), 8 survivors (8192K)
 Metaspace       used 54354K, committed 56000K, reserved 1114112K
  class space    used 7271K, committed 8128K, reserved 1048576K
}
Event: 24.588 GC heap before
{Heap before GC invocations=20 (full 0):
 garbage-first heap   total 210944K, used 129541K [0x00000000a0000000, 0x0000000100000000)
  region size 1024K, 76 young (77824K), 8 survivors (8192K)
 Metaspace       used 60946K, committed 62592K, reserved 1114112K
  class space    used 8051K, committed 8896K, reserved 1048576K
}
Event: 24.606 GC heap after
{Heap after GC invocations=21 (full 0):
 garbage-first heap   total 210944K, used 61399K [0x00000000a0000000, 0x0000000100000000)
  region size 1024K, 5 young (5120K), 5 survivors (5120K)
 Metaspace       used 60946K, committed 62592K, reserved 1114112K
  class space    used 8051K, committed 8896K, reserved 1048576K
}
Event: 26.140 GC heap before
{Heap before GC invocations=21 (full 0):
 garbage-first heap   total 210944K, used 138199K [0x00000000a0000000, 0x0000000100000000)
  region size 1024K, 78 young (79872K), 5 survivors (5120K)
 Metaspace       used 62923K, committed 64768K, reserved 1114112K
  class space    used 8351K, committed 9280K, reserved 1048576K
}
Event: 26.162 GC heap after
{Heap after GC invocations=22 (full 0):
 garbage-first heap   total 210944K, used 71680K [0x00000000a0000000, 0x0000000100000000)
  region size 1024K, 10 young (10240K), 10 survivors (10240K)
 Metaspace       used 62923K, committed 64768K, reserved 1114112K
  class space    used 8351K, committed 9280K, reserved 1048576K
}
Event: 27.497 GC heap before
{Heap before GC invocations=22 (full 0):
 garbage-first heap   total 210944K, used 145408K [0x00000000a0000000, 0x0000000100000000)
  region size 1024K, 82 young (83968K), 10 survivors (10240K)
 Metaspace       used 66699K, committed 68544K, reserved 1114112K
  class space    used 8963K, committed 9920K, reserved 1048576K
}
Event: 27.517 GC heap after
{Heap after GC invocations=23 (full 0):
 garbage-first heap   total 210944K, used 77310K [0x00000000a0000000, 0x0000000100000000)
  region size 1024K, 6 young (6144K), 6 survivors (6144K)
 Metaspace       used 66699K, committed 68544K, reserved 1114112K
  class space    used 8963K, committed 9920K, reserved 1048576K
}
Event: 29.077 GC heap before
{Heap before GC invocations=23 (full 0):
 garbage-first heap   total 210944K, used 151038K [0x00000000a0000000, 0x0000000100000000)
  region size 1024K, 78 young (79872K), 6 survivors (6144K)
 Metaspace       used 71227K, committed 73088K, reserved 1114112K
  class space    used 9667K, committed 10624K, reserved 1048576K
}
Event: 29.101 GC heap after
{Heap after GC invocations=24 (full 0):
 garbage-first heap   total 210944K, used 83968K [0x00000000a0000000, 0x0000000100000000)
  region size 1024K, 10 young (10240K), 10 survivors (10240K)
 Metaspace       used 71227K, committed 73088K, reserved 1114112K
  class space    used 9667K, committed 10624K, reserved 1048576K
}
Event: 29.506 GC heap before
{Heap before GC invocations=24 (full 0):
 garbage-first heap   total 210944K, used 96256K [0x00000000a0000000, 0x0000000100000000)
  region size 1024K, 23 young (23552K), 10 survivors (10240K)
 Metaspace       used 71989K, committed 73920K, reserved 1114112K
  class space    used 9765K, committed 10752K, reserved 1048576K
}
Event: 29.527 GC heap after
{Heap after GC invocations=25 (full 0):
 garbage-first heap   total 210944K, used 86165K [0x00000000a0000000, 0x0000000100000000)
  region size 1024K, 2 young (2048K), 2 survivors (2048K)
 Metaspace       used 71989K, committed 73920K, reserved 1114112K
  class space    used 9765K, committed 10752K, reserved 1048576K
}
Event: 32.096 GC heap before
{Heap before GC invocations=26 (full 0):
 garbage-first heap   total 210944K, used 163989K [0x00000000a0000000, 0x0000000100000000)
  region size 1024K, 74 young (75776K), 2 survivors (2048K)
 Metaspace       used 74561K, committed 76608K, reserved 1179648K
  class space    used 10143K, committed 11200K, reserved 1048576K
}
Event: 32.116 GC heap after
{Heap after GC invocations=27 (full 0):
 garbage-first heap   total 210944K, used 102817K [0x00000000a0000000, 0x0000000100000000)
  region size 1024K, 10 young (10240K), 10 survivors (10240K)
 Metaspace       used 74561K, committed 76608K, reserved 1179648K
  class space    used 10143K, committed 11200K, reserved 1048576K
}
Event: 32.134 GC heap before
{Heap before GC invocations=27 (full 0):
 garbage-first heap   total 210944K, used 103841K [0x00000000a0000000, 0x0000000100000000)
  region size 1024K, 11 young (11264K), 10 survivors (10240K)
 Metaspace       used 74571K, committed 76608K, reserved 1179648K
  class space    used 10143K, committed 11200K, reserved 1048576K
}
Event: 32.150 GC heap after
{Heap after GC invocations=28 (full 0):
 garbage-first heap   total 210944K, used 103487K [0x00000000a0000000, 0x0000000100000000)
  region size 1024K, 2 young (2048K), 2 survivors (2048K)
 Metaspace       used 74571K, committed 76608K, reserved 1179648K
  class space    used 10143K, committed 11200K, reserved 1048576K
}
Event: 33.928 GC heap before
{Heap before GC invocations=28 (full 0):
 garbage-first heap   total 210944K, used 160831K [0x00000000a0000000, 0x0000000100000000)
  region size 1024K, 58 young (59392K), 2 survivors (2048K)
 Metaspace       used 76045K, committed 78208K, reserved 1179648K
  class space    used 10335K, committed 11392K, reserved 1048576K
}
Event: 33.950 GC heap after
{Heap after GC invocations=29 (full 0):
 garbage-first heap   total 210944K, used 113374K [0x00000000a0000000, 0x0000000100000000)
  region size 1024K, 8 young (8192K), 8 survivors (8192K)
 Metaspace       used 76045K, committed 78208K, reserved 1179648K
  class space    used 10335K, committed 11392K, reserved 1048576K
}

